build/outputs/logs/manifest-merger-mobile-google-zapp-debug-report.txt
-- Merging decision tree log ---
manifest
ADDED from src/main/AndroidManifest.xml:2:1-13:12
INJECTED from src/main/AndroidManifest.xml:2:1-13:12
INJECTED from src/main/AndroidManifest.xml:2:1-13:12
INJECTED from src/main/AndroidManifest.xml:2:1-13:12
INJECTED from src/main/AndroidManifest.xml:2:1-13:12
INJECTED from src/main/AndroidManifest.xml:2:1-13:12
INJECTED from src/main/AndroidManifest.xml:2:1-13:12
	package
		ADDED from src/main/AndroidManifest.xml:3:5-46
		INJECTED from src/main/AndroidManifest.xml
		INJECTED from src/main/AndroidManifest.xml
	android:versionName
		INJECTED from src/main/AndroidManifest.xml
		ADDED from src/main/AndroidManifest.xml:2:1-13:12
		INJECTED from src/main/AndroidManifest.xml
	android:versionCode
		INJECTED from src/main/AndroidManifest.xml
		ADDED from src/main/AndroidManifest.xml:2:1-13:12
		INJECTED from src/main/AndroidManifest.xml
	xmlns:android
		ADDED from src/main/AndroidManifest.xml:2:11-69
application
ADDED from src/main/AndroidManifest.xml:5:5-11:19
activity#com.applicaster.pinverification.ui.activities.PVMainActivity
ADDED from src/main/AndroidManifest.xml:6:9-10:75
	android:screenOrientation
		ADDED from src/main/AndroidManifest.xml:9:13-49
	android:configChanges
		ADDED from src/main/AndroidManifest.xml:8:13-59
	android:theme
		ADDED from src/main/AndroidManifest.xml:10:13-63
	android:name
		ADDED from src/main/AndroidManifest.xml:7:13-57
uses-sdk
INJECTED from src/main/AndroidManifest.xml reason: use-sdk injection requested
INJECTED from src/main/AndroidManifest.xml
INJECTED from src/main/AndroidManifest.xml
INJECTED from src/main/AndroidManifest.xml
INJECTED from src/main/AndroidManifest.xml
	android:targetSdkVersion
		INJECTED from src/main/AndroidManifest.xml
		ADDED from src/main/AndroidManifest.xml
		INJECTED from src/main/AndroidManifest.xml
	android:minSdkVersion
		INJECTED from src/main/AndroidManifest.xml
		ADDED from src/main/AndroidManifest.xml
		INJECTED from src/main/AndroidManifest.xml